# JRE version: OpenJDK Runtime Environment (8.0_181-b13) (build 1.8.0_181-8u181-b13-0ubuntu0.16.04.1-b13)
# Java VM: OpenJDK 64-Bit Server VM (25.181-b13 mixed mode linux-amd64 compressed oops)
Heap:
 PSYoungGen      total 157184K, used 144896K [0x00000000d6e00000, 0x00000000e3f00000, 0x0000000100000000)
  eden space 144896K, 100% used [0x00000000d6e00000,0x00000000dfb80000,0x00000000dfb80000)
  from space 12288K, 0% used [0x00000000e0980000,0x00000000e0980000,0x00000000e1580000)
  to   space 14336K, 31% used [0x00000000dfb80000,0x00000000dfff4e40,0x00000000e0980000)
 ParOldGen       total 94720K, used 18068K [0x0000000084a00000, 0x000000008a680000, 0x00000000d6e00000)
  object space 94720K, 19% used [0x0000000084a00000,0x0000000085ba5230,0x000000008a680000)
 Metaspace       used 41422K, capacity 43820K, committed 43952K, reserved 1087488K
  class space    used 5518K, capacity 6007K, committed 6064K, reserved 1048576K
GC Heap History (10 events):
Event: 1.146 GC heap after
Heap after GC invocations=6 (full 1):
 PSYoungGen      total 68608K, used 0K [0x00000000d6e00000, 0x00000000dfb00000, 0x0000000100000000)
  eden space 63488K, 0% used [0x00000000d6e00000,0x00000000d6e00000,0x00000000dac00000)
  from space 5120K, 0% used [0x00000000dac00000,0x00000000dac00000,0x00000000db100000)
  to   space 8704K, 0% used [0x00000000df280000,0x00000000df280000,0x00000000dfb00000)
 ParOldGen       total 55296K, used 6886K [0x0000000084a00000, 0x0000000088000000, 0x00000000d6e00000)
  object space 55296K, 12% used [0x0000000084a00000,0x00000000850b9b60,0x0000000088000000)
 Metaspace       used 20651K, capacity 21252K, committed 21296K, reserved 1067008K
  class space    used 2651K, capacity 2838K, committed 2864K, reserved 1048576K
}
Event: 1.604 GC heap before
{Heap before GC invocations=7 (full 1):
 PSYoungGen      total 68608K, used 63488K [0x00000000d6e00000, 0x00000000dfb00000, 0x0000000100000000)
  eden space 63488K, 100% used [0x00000000d6e00000,0x00000000dac00000,0x00000000dac00000)
  from space 5120K, 0% used [0x00000000dac00000,0x00000000dac00000,0x00000000db100000)
  to   space 8704K, 0% used [0x00000000df280000,0x00000000df280000,0x00000000dfb00000)
 ParOldGen       total 55296K, used 6886K [0x0000000084a00000, 0x0000000088000000, 0x00000000d6e00000)
  object space 55296K, 12% used [0x0000000084a00000,0x00000000850b9b60,0x0000000088000000)
 Metaspace       used 23601K, capacity 24628K, committed 24880K, reserved 1071104K
  class space    used 3097K, capacity 3338K, committed 3376K, reserved 1048576K
Event: 1.609 GC heap after
Heap after GC invocations=7 (full 1):
 PSYoungGen      total 102912K, used 4848K [0x00000000d6e00000, 0x00000000df780000, 0x0000000100000000)
  eden space 97792K, 0% used [0x00000000d6e00000,0x00000000d6e00000,0x00000000dcd80000)
  from space 5120K, 94% used [0x00000000df280000,0x00000000df73c2b0,0x00000000df780000)
  to   space 8704K, 0% used [0x00000000de680000,0x00000000de680000,0x00000000def00000)
 ParOldGen       total 55296K, used 6894K [0x0000000084a00000, 0x0000000088000000, 0x00000000d6e00000)
  object space 55296K, 12% used [0x0000000084a00000,0x00000000850bbb60,0x0000000088000000)
 Metaspace       used 23601K, capacity 24628K, committed 24880K, reserved 1071104K
  class space    used 3097K, capacity 3338K, committed 3376K, reserved 1048576K
}
Event: 2.251 GC heap before
{Heap before GC invocations=8 (full 1):
 PSYoungGen      total 102912K, used 102640K [0x00000000d6e00000, 0x00000000df780000, 0x0000000100000000)
  eden space 97792K, 100% used [0x00000000d6e00000,0x00000000dcd80000,0x00000000dcd80000)
  from space 5120K, 94% used [0x00000000df280000,0x00000000df73c2b0,0x00000000df780000)
  to   space 8704K, 0% used [0x00000000de680000,0x00000000de680000,0x00000000def00000)
 ParOldGen       total 55296K, used 6894K [0x0000000084a00000, 0x0000000088000000, 0x00000000d6e00000)
  object space 55296K, 12% used [0x0000000084a00000,0x00000000850bbb60,0x0000000088000000)
 Metaspace       used 31618K, capacity 33130K, committed 33200K, reserved 1077248K
  class space    used 4183K, capacity 4519K, committed 4528K, reserved 1048576K
Event: 2.261 GC heap after
Heap after GC invocations=8 (full 1):
 PSYoungGen      total 132096K, used 8702K [0x00000000d6e00000, 0x00000000e1580000, 0x0000000100000000)
  eden space 123392K, 0% used [0x00000000d6e00000,0x00000000d6e00000,0x00000000de680000)
  from space 8704K, 99% used [0x00000000de680000,0x00000000deeffa90,0x00000000def00000)
  to   space 12288K, 0% used [0x00000000e0980000,0x00000000e0980000,0x00000000e1580000)
 ParOldGen       total 55296K, used 12469K [0x0000000084a00000, 0x0000000088000000, 0x00000000d6e00000)
  object space 55296K, 22% used [0x0000000084a00000,0x000000008562d530,0x0000000088000000)
 Metaspace       used 31618K, capacity 33130K, committed 33200K, reserved 1077248K
  class space    used 4183K, capacity 4519K, committed 4528K, reserved 1048576K
}
Event: 2.510 GC heap before
{Heap before GC invocations=9 (full 1):
 PSYoungGen      total 132096K, used 47658K [0x00000000d6e00000, 0x00000000e1580000, 0x0000000100000000)
  eden space 123392K, 31% used [0x00000000d6e00000,0x00000000d940ae78,0x00000000de680000)
  from space 8704K, 99% used [0x00000000de680000,0x00000000deeffa90,0x00000000def00000)
  to   space 12288K, 0% used [0x00000000e0980000,0x00000000e0980000,0x00000000e1580000)
 ParOldGen       total 55296K, used 12469K [0x0000000084a00000, 0x0000000088000000, 0x00000000d6e00000)
  object space 55296K, 22% used [0x0000000084a00000,0x000000008562d530,0x0000000088000000)
 Metaspace       used 33676K, capacity 35460K, committed 35496K, reserved 1079296K
  class space    used 4484K, capacity 4878K, committed 4912K, reserved 1048576K
Event: 2.517 GC heap after
Heap after GC invocations=9 (full 1):
 PSYoungGen      total 157184K, used 12139K [0x00000000d6e00000, 0x00000000e3f00000, 0x0000000100000000)
  eden space 144896K, 0% used [0x00000000d6e00000,0x00000000d6e00000,0x00000000dfb80000)
  from space 12288K, 98% used [0x00000000e0980000,0x00000000e155ac68,0x00000000e1580000)
  to   space 14336K, 0% used [0x00000000dfb80000,0x00000000dfb80000,0x00000000e0980000)
 ParOldGen       total 55296K, used 12477K [0x0000000084a00000, 0x0000000088000000, 0x00000000d6e00000)
  object space 55296K, 22% used [0x0000000084a00000,0x000000008562f530,0x0000000088000000)
 Metaspace       used 33676K, capacity 35460K, committed 35496K, reserved 1079296K
  class space    used 4484K, capacity 4878K, committed 4912K, reserved 1048576K
}
Event: 2.517 GC heap before
{Heap before GC invocations=10 (full 2):
 PSYoungGen      total 157184K, used 12139K [0x00000000d6e00000, 0x00000000e3f00000, 0x0000000100000000)
  eden space 144896K, 0% used [0x00000000d6e00000,0x00000000d6e00000,0x00000000dfb80000)
  from space 12288K, 98% used [0x00000000e0980000,0x00000000e155ac68,0x00000000e1580000)
  to   space 14336K, 0% used [0x00000000dfb80000,0x00000000dfb80000,0x00000000e0980000)
 ParOldGen       total 55296K, used 12477K [0x0000000084a00000, 0x0000000088000000, 0x00000000d6e00000)
  object space 55296K, 22% used [0x0000000084a00000,0x000000008562f530,0x0000000088000000)
 Metaspace       used 33676K, capacity 35460K, committed 35496K, reserved 1079296K
  class space    used 4484K, capacity 4878K, committed 4912K, reserved 1048576K
Event: 2.582 GC heap after
Heap after GC invocations=10 (full 2):
 PSYoungGen      total 157184K, used 0K [0x00000000d6e00000, 0x00000000e3f00000, 0x0000000100000000)
  eden space 144896K, 0% used [0x00000000d6e00000,0x00000000d6e00000,0x00000000dfb80000)
  from space 12288K, 0% used [0x00000000e0980000,0x00000000e0980000,0x00000000e1580000)
  to   space 14336K, 0% used [0x00000000dfb80000,0x00000000dfb80000,0x00000000e0980000)
 ParOldGen       total 94720K, used 18060K [0x0000000084a00000, 0x000000008a680000, 0x00000000d6e00000)
  object space 94720K, 19% used [0x0000000084a00000,0x0000000085ba3230,0x000000008a680000)
 Metaspace       used 33676K, capacity 35460K, committed 35496K, reserved 1079296K
  class space    used 4484K, capacity 4878K, committed 4912K, reserved 1048576K
}
Event: 1325.545 GC heap before
{Heap before GC invocations=11 (full 2):
 PSYoungGen      total 157184K, used 144896K [0x00000000d6e00000, 0x00000000e3f00000, 0x0000000100000000)
  eden space 144896K, 100% used [0x00000000d6e00000,0x00000000dfb80000,0x00000000dfb80000)
  from space 12288K, 0% used [0x00000000e0980000,0x00000000e0980000,0x00000000e1580000)
  to   space 14336K, 0% used [0x00000000dfb80000,0x00000000dfb80000,0x00000000e0980000)
 ParOldGen       total 94720K, used 18060K [0x0000000084a00000, 0x000000008a680000, 0x00000000d6e00000)
  object space 94720K, 19% used [0x0000000084a00000,0x0000000085ba3230,0x000000008a680000)
 Metaspace       used 41422K, capacity 43820K, committed 43952K, reserved 1087488K
  class space    used 5518K, capacity 6007K, committed 6064K, reserved 1048576K

